<?xml version="1.0" encoding="UTF-8"?>
<!-- Generated by org.testng.reporters.JUnitXMLReporter -->
<testsuite ignored="0" hostname="PGR" failures="0" tests="4" name="DDF excelInputusing Jxl" time="5.876" errors="0" timestamp="2025-07-23T17:04:12 IST">
  <testcase classname="dd_Framework.DDF03_jxlDataDrivenexccelInput" name="practiceSiteLogin" time="0.209"/>
  <testcase classname="dd_Framework.DDF03_jxlDataDrivenexccelInput" name="practiceSiteLogin" time="0.198"/>
  <testcase classname="dd_Framework.DDF03_jxlDataDrivenexccelInput" name="practiceSiteLogin" time="0.246"/>
  <testcase classname="dd_Framework.DDF03_jxlDataDrivenexccelInput" name="practiceSiteLogin" time="0.27"/>
</testsuite> <!-- DDF excelInputusing Jxl -->
