<?xml version="1.0" encoding="UTF-8"?>
<!-- Generated by org.testng.reporters.JUnitXMLReporter -->
<testsuite ignored="0" hostname="PGR" failures="0" tests="5" name="DDF testcase02" time="0.012" errors="0" timestamp="2025-07-22T01:06:56 IST">
  <testcase classname="dd_Framework.DDF_02" name="testcase01" time="0.001"/>
  <testcase classname="dd_Framework.DDF_02" name="testcase02" time="0.001"/>
  <testcase classname="dd_Framework.DDF_02" name="testcase03" time="0.001"/>
  <testcase classname="dd_Framework.DDF_02" name="testcase04" time="0.001"/>
  <testcase classname="dd_Framework.DDF_02" name="testcase05" time="0.001"/>
</testsuite> <!-- DDF testcase02 -->
