<?xml version="1.0" encoding="UTF-8"?>
<!-- Generated by org.testng.reporters.JUnitXMLReporter -->
<testsuite ignored="0" hostname="PGR" failures="0" tests="4" name="DDF excel Input" time="6.004" errors="0" timestamp="2025-07-23T17:00:53 IST">
  <testcase classname="dd_Framework.DDF04DataDrivenUsingPOI" name="practiceSiteLogin" time="0.164"/>
  <testcase classname="dd_Framework.DDF04DataDrivenUsingPOI" name="practiceSiteLogin" time="0.145"/>
  <testcase classname="dd_Framework.DDF04DataDrivenUsingPOI" name="practiceSiteLogin" time="0.148"/>
  <testcase classname="dd_Framework.DDF04DataDrivenUsingPOI" name="practiceSiteLogin" time="0.142"/>
</testsuite> <!-- DDF excel Input -->
