<?xml version="1.0" encoding="UTF-8"?>
<!-- Generated by org.testng.reporters.JUnitXMLReporter -->
<testsuite ignored="0" hostname="PGR" failures="0" tests="4" name="DDF excelInputusing appachePOI" time="6.861" errors="0" timestamp="2025-07-23T17:04:13 IST">
  <testcase classname="dd_Framework.DDF04DataDrivenUsingPOI" name="practiceSiteLogin" time="0.207"/>
  <testcase classname="dd_Framework.DDF04DataDrivenUsingPOI" name="practiceSiteLogin" time="0.16"/>
  <testcase classname="dd_Framework.DDF04DataDrivenUsingPOI" name="practiceSiteLogin" time="0.332"/>
  <testcase classname="dd_Framework.DDF04DataDrivenUsingPOI" name="practiceSiteLogin" time="0.195"/>
</testsuite> <!-- DDF excelInputusing appachePOI -->
