<?xml version="1.0" encoding="UTF-8"?>
<!-- Generated by org.testng.reporters.JUnitXMLReporter -->
<testsuite ignored="0" hostname="PGR" failures="0" tests="5" name="DDF test case02" time="4.317" errors="0" timestamp="2025-07-22T00:34:39 IST">
  <testcase classname="dd_Framework.DDF_01" name="practiceSiteLogin" time="4.31"/>
  <testcase classname="dd_Framework.DDF_01" name="testcase02" time="0.001"/>
  <testcase classname="dd_Framework.DDF_01" name="testcase03" time="0.001"/>
  <testcase classname="dd_Framework.DDF_01" name="testcase04" time="0.001"/>
  <testcase classname="dd_Framework.DDF_01" name="testcase05" time="0.001"/>
</testsuite> <!-- DDF test case02 -->
