<?xml version="1.0" encoding="UTF-8"?>
<!-- Generated by org.testng.reporters.JUnitXMLReporter -->
<testsuite ignored="0" hostname="PGR" failures="0" tests="5" name="TestNG02" time="0.013" errors="0" timestamp="2025-07-23T17:04:11 IST">
  <testcase classname="org.TestNGframework.TestNG02_Annotations" name="testcase04" time="0.001"/>
  <testcase classname="org.TestNGframework.TestNG02_Annotations" name="testcase05" time="0.001"/>
  <testcase classname="org.TestNGframework.TestNG02_Annotations" name="testcase01" time="0.002"/>
  <testcase classname="org.TestNGframework.TestNG02_Annotations" name="testcase02" time="0.0"/>
  <testcase classname="org.TestNGframework.TestNG02_Annotations" name="testcase03" time="0.001"/>
</testsuite> <!-- TestNG02 -->
